{"/Users/veekasshrivastava/Documents/Working-Directory/audelio/src/App.jsx": {"path":"/Users/veekasshrivastava/Documents/Working-Directory/audelio/src/App.jsx","statementMap":{"0":{"start":{"line":6,"column":2},"end":{"line":16,"column":4}}},"fnMap":{"0":{"name":"App","decl":{"start":{"line":5,"column":9},"end":{"line":5,"column":12}},"loc":{"start":{"line":5,"column":15},"end":{"line":17,"column":1}},"line":5}},"branchMap":{},"s":{"0":1},"f":{"0":1},"b":{},"_coverageSchema":"332fd63041d2c1bcb487cc26dd0d5f7d97098a6c","hash":"64cfd526c6982e005bf179519e8a8d5f32ae4542"}
,"/Users/veekasshrivastava/Documents/Working-Directory/audelio/src/index.jsx": {"path":"/Users/veekasshrivastava/Documents/Working-Directory/audelio/src/index.jsx","statementMap":{"0":{"start":{"line":1,"column":32},"end":{"line":1,"column":108}},"1":{"start":{"line":1,"column":122},"end":{"line":1,"column":138}},"2":{"start":{"line":1,"column":153},"end":{"line":1,"column":183}},"3":{"start":{"line":2,"column":16},"end":{"line":2,"column":36}},"4":{"start":{"line":2,"column":54},"end":{"line":2,"column":87}},"5":{"start":{"line":3,"column":0},"end":{"line":3,"column":23}},"6":{"start":{"line":4,"column":11},"end":{"line":4,"column":27}},"7":{"start":{"line":4,"column":40},"end":{"line":4,"column":68}},"8":{"start":{"line":5,"column":29},"end":{"line":5,"column":63}},"9":{"start":{"line":5,"column":94},"end":{"line":5,"column":140}},"10":{"start":{"line":5,"column":179},"end":{"line":5,"column":233}},"11":{"start":{"line":7,"column":0},"end":{"line":9,"column":33}},"12":{"start":{"line":12,"column":0},"end":{"line":12,"column":39}}},"fnMap":{"0":{"name":"_interopRequireDefault","decl":{"start":{"line":5,"column":150},"end":{"line":5,"column":172}},"loc":{"start":{"line":5,"column":178},"end":{"line":5,"column":234}},"line":5}},"branchMap":{"0":{"loc":{"start":{"line":5,"column":186},"end":{"line":5,"column":232}},"type":"cond-expr","locations":[{"start":{"line":5,"column":210},"end":{"line":5,"column":213}},{"start":{"line":5,"column":216},"end":{"line":5,"column":232}}],"line":5},"1":{"loc":{"start":{"line":5,"column":186},"end":{"line":5,"column":207}},"type":"binary-expr","locations":[{"start":{"line":5,"column":186},"end":{"line":5,"column":189}},{"start":{"line":5,"column":193},"end":{"line":5,"column":207}}],"line":5}},"s":{"0":0,"1":0,"2":0,"3":0,"4":0,"5":0,"6":0,"7":0,"8":0,"9":0,"10":0,"11":0,"12":0},"f":{"0":0},"b":{"0":[0,0],"1":[0,0]}}
,"/Users/veekasshrivastava/Documents/Working-Directory/audelio/src/registerServiceWorker.js": {"path":"/Users/veekasshrivastava/Documents/Working-Directory/audelio/src/registerServiceWorker.js","statementMap":{"0":{"start":{"line":1,"column":13},"end":{"line":1,"column":75}},"1":{"start":{"line":1,"column":75},"end":{"line":74,"column":9}},"2":{"start":{"line":74,"column":9},"end":{"line":106,"column":24}},"3":{"start":{"line":113,"column":20},"end":{"line":115,"column":92}},"4":{"start":{"line":115,"column":126},"end":{"line":122,"column":156}},"5":{"start":{"line":115,"column":188},"end":{"line":122,"column":68}},"6":{"start":{"line":115,"column":249},"end":{"line":115,"column":272}},"7":{"start":{"line":115,"column":273},"end":{"line":122,"column":66}},"8":{"start":{"line":115,"column":313},"end":{"line":122,"column":64}},"9":{"start":{"line":115,"column":358},"end":{"line":122,"column":63}},"10":{"start":{"line":119,"column":12},"end":{"line":119,"column":69}},"11":{"start":{"line":122,"column":12},"end":{"line":122,"column":62}},"12":{"start":{"line":122,"column":87},"end":{"line":122,"column":153}},"13":{"start":{"line":123,"column":2},"end":{"line":126,"column":126}},"14":{"start":{"line":124,"column":4},"end":{"line":126,"column":30}},"15":{"start":{"line":125,"column":6},"end":{"line":125,"column":127}},"16":{"start":{"line":125,"column":58},"end":{"line":125,"column":124}},"17":{"start":{"line":125,"column":96},"end":{"line":125,"column":121}},"18":{"start":{"line":126,"column":6},"end":{"line":126,"column":29}},"19":{"start":{"line":126,"column":46},"end":{"line":126,"column":123}},"20":{"start":{"line":126,"column":148},"end":{"line":134,"column":36}},"21":{"start":{"line":127,"column":22},"end":{"line":127,"column":70}},"22":{"start":{"line":127,"column":71},"end":{"line":130,"column":14}},"23":{"start":{"line":130,"column":6},"end":{"line":130,"column":13}},"24":{"start":{"line":130,"column":14},"end":{"line":134,"column":35}},"25":{"start":{"line":130,"column":67},"end":{"line":130,"column":112}},"26":{"start":{"line":130,"column":113},"end":{"line":134,"column":32}},"27":{"start":{"line":131,"column":8},"end":{"line":131,"column":39}},"28":{"start":{"line":133,"column":8},"end":{"line":133,"column":178}},"29":{"start":{"line":133,"column":50},"end":{"line":133,"column":175}},"30":{"start":{"line":134,"column":8},"end":{"line":134,"column":31}},"31":{"start":{"line":134,"column":60},"end":{"line":134,"column":177}},"32":{"start":{"line":134,"column":95},"end":{"line":134,"column":176}},"33":{"start":{"line":134,"column":147},"end":{"line":134,"column":173}}},"fnMap":{"0":{"name":"registerValidSW","decl":{"start":{"line":115,"column":102},"end":{"line":115,"column":117}},"loc":{"start":{"line":115,"column":125},"end":{"line":122,"column":157}},"line":115},"1":{"name":"(anonymous_1)","decl":{"start":{"line":115,"column":171},"end":{"line":115,"column":172}},"loc":{"start":{"line":115,"column":187},"end":{"line":122,"column":69}},"line":115},"2":{"name":"(anonymous_2)","decl":{"start":{"line":115,"column":217},"end":{"line":115,"column":218}},"loc":{"start":{"line":115,"column":223},"end":{"line":122,"column":67}},"line":115},"3":{"name":"(anonymous_3)","decl":{"start":{"line":115,"column":306},"end":{"line":115,"column":307}},"loc":{"start":{"line":115,"column":312},"end":{"line":122,"column":65}},"line":115},"4":{"name":"(anonymous_4)","decl":{"start":{"line":122,"column":77},"end":{"line":122,"column":78}},"loc":{"start":{"line":122,"column":86},"end":{"line":122,"column":154}},"line":122},"5":{"name":"checkValidServiceWorker","decl":{"start":{"line":122,"column":166},"end":{"line":122,"column":189}},"loc":{"start":{"line":122,"column":197},"end":{"line":126,"column":127}},"line":122},"6":{"name":"(anonymous_6)","decl":{"start":{"line":123,"column":20},"end":{"line":123,"column":21}},"loc":{"start":{"line":123,"column":32},"end":{"line":126,"column":31}},"line":123},"7":{"name":"(anonymous_7)","decl":{"start":{"line":125,"column":41},"end":{"line":125,"column":42}},"loc":{"start":{"line":125,"column":57},"end":{"line":125,"column":125}},"line":125},"8":{"name":"(anonymous_8)","decl":{"start":{"line":125,"column":89},"end":{"line":125,"column":90}},"loc":{"start":{"line":125,"column":95},"end":{"line":125,"column":122}},"line":125},"9":{"name":"(anonymous_9)","decl":{"start":{"line":126,"column":39},"end":{"line":126,"column":40}},"loc":{"start":{"line":126,"column":45},"end":{"line":126,"column":124}},"line":126},"10":{"name":"register","decl":{"start":{"line":126,"column":136},"end":{"line":126,"column":144}},"loc":{"start":{"line":126,"column":147},"end":{"line":134,"column":37}},"line":126},"11":{"name":"(anonymous_11)","decl":{"start":{"line":130,"column":46},"end":{"line":130,"column":47}},"loc":{"start":{"line":130,"column":52},"end":{"line":134,"column":33}},"line":130},"12":{"name":"(anonymous_12)","decl":{"start":{"line":133,"column":43},"end":{"line":133,"column":44}},"loc":{"start":{"line":133,"column":49},"end":{"line":133,"column":176}},"line":133},"13":{"name":"unregister","decl":{"start":{"line":134,"column":46},"end":{"line":134,"column":56}},"loc":{"start":{"line":134,"column":59},"end":{"line":134,"column":178}},"line":134},"14":{"name":"(anonymous_14)","decl":{"start":{"line":134,"column":130},"end":{"line":134,"column":131}},"loc":{"start":{"line":134,"column":146},"end":{"line":134,"column":174}},"line":134}},"branchMap":{"0":{"loc":{"start":{"line":113,"column":28},"end":{"line":115,"column":91}},"type":"binary-expr","locations":[{"start":{"line":113,"column":28},"end":{"line":113,"column":68}},{"start":{"line":114,"column":3},"end":{"line":114,"column":39}},{"start":{"line":115,"column":3},"end":{"line":115,"column":91}}],"line":113},"1":{"loc":{"start":{"line":115,"column":313},"end":{"line":122,"column":64}},"type":"if","locations":[{"start":{"line":115,"column":313},"end":{"line":122,"column":64}},{"start":{"line":115,"column":313},"end":{"line":122,"column":64}}],"line":115},"2":{"loc":{"start":{"line":115,"column":358},"end":{"line":122,"column":63}},"type":"if","locations":[{"start":{"line":115,"column":358},"end":{"line":122,"column":63}},{"start":{"line":115,"column":358},"end":{"line":122,"column":63}}],"line":115},"3":{"loc":{"start":{"line":124,"column":4},"end":{"line":126,"column":30}},"type":"if","locations":[{"start":{"line":124,"column":4},"end":{"line":126,"column":30}},{"start":{"line":124,"column":4},"end":{"line":126,"column":30}}],"line":124},"4":{"loc":{"start":{"line":124,"column":8},"end":{"line":124,"column":100}},"type":"binary-expr","locations":[{"start":{"line":124,"column":8},"end":{"line":124,"column":31}},{"start":{"line":124,"column":35},"end":{"line":124,"column":100}}],"line":124},"5":{"loc":{"start":{"line":126,"column":148},"end":{"line":134,"column":36}},"type":"if","locations":[{"start":{"line":126,"column":148},"end":{"line":134,"column":36}},{"start":{"line":126,"column":148},"end":{"line":134,"column":36}}],"line":126},"6":{"loc":{"start":{"line":126,"column":152},"end":{"line":126,"column":221}},"type":"binary-expr","locations":[{"start":{"line":126,"column":152},"end":{"line":126,"column":189}},{"start":{"line":126,"column":193},"end":{"line":126,"column":221}}],"line":126},"7":{"loc":{"start":{"line":127,"column":71},"end":{"line":130,"column":14}},"type":"if","locations":[{"start":{"line":127,"column":71},"end":{"line":130,"column":14}},{"start":{"line":127,"column":71},"end":{"line":130,"column":14}}],"line":127},"8":{"loc":{"start":{"line":130,"column":113},"end":{"line":134,"column":32}},"type":"if","locations":[{"start":{"line":130,"column":113},"end":{"line":134,"column":32}},{"start":{"line":130,"column":113},"end":{"line":134,"column":32}}],"line":130},"9":{"loc":{"start":{"line":134,"column":60},"end":{"line":134,"column":177}},"type":"if","locations":[{"start":{"line":134,"column":60},"end":{"line":134,"column":177}},{"start":{"line":134,"column":60},"end":{"line":134,"column":177}}],"line":134}},"s":{"0":0,"1":0,"2":0,"3":0,"4":0,"5":0,"6":0,"7":0,"8":0,"9":0,"10":0,"11":0,"12":0,"13":0,"14":0,"15":0,"16":0,"17":0,"18":0,"19":0,"20":0,"21":0,"22":0,"23":0,"24":0,"25":0,"26":0,"27":0,"28":0,"29":0,"30":0,"31":0,"32":0,"33":0},"f":{"0":0,"1":0,"2":0,"3":0,"4":0,"5":0,"6":0,"7":0,"8":0,"9":0,"10":0,"11":0,"12":0,"13":0,"14":0},"b":{"0":[0,0,0],"1":[0,0],"2":[0,0],"3":[0,0],"4":[0,0],"5":[0,0],"6":[0,0],"7":[0,0],"8":[0,0],"9":[0,0]}}
}
