TN:
SF:/Users/veekasshrivastava/Documents/Working-Directory/audelio/src/App.jsx
FN:5,App
FNF:1
FNH:1
FNDA:1,App
DA:6,1
LF:1
LH:1
BRF:0
BRH:0
end_of_record
TN:
SF:/Users/veekasshrivastava/Documents/Working-Directory/audelio/src/index.jsx
FN:5,_interopRequireDefault
FNF:1
FNH:0
FNDA:0,_interopRequireDefault
DA:1,0
DA:2,0
DA:3,0
DA:4,0
DA:5,0
DA:7,0
DA:12,0
LF:7
LH:0
BRDA:5,0,0,0
BRDA:5,0,1,0
BRDA:5,1,0,0
BRDA:5,1,1,0
BRF:4
BRH:0
end_of_record
TN:
SF:/Users/veekasshrivastava/Documents/Working-Directory/audelio/src/registerServiceWorker.js
FN:115,registerValidSW
FN:115,(anonymous_1)
FN:115,(anonymous_2)
FN:115,(anonymous_3)
FN:122,(anonymous_4)
FN:122,checkValidServiceWorker
FN:123,(anonymous_6)
FN:125,(anonymous_7)
FN:125,(anonymous_8)
FN:126,(anonymous_9)
FN:126,register
FN:130,(anonymous_11)
FN:133,(anonymous_12)
FN:134,unregister
FN:134,(anonymous_14)
FNF:15
FNH:0
FNDA:0,registerValidSW
FNDA:0,(anonymous_1)
FNDA:0,(anonymous_2)
FNDA:0,(anonymous_3)
FNDA:0,(anonymous_4)
FNDA:0,checkValidServiceWorker
FNDA:0,(anonymous_6)
FNDA:0,(anonymous_7)
FNDA:0,(anonymous_8)
FNDA:0,(anonymous_9)
FNDA:0,register
FNDA:0,(anonymous_11)
FNDA:0,(anonymous_12)
FNDA:0,unregister
FNDA:0,(anonymous_14)
DA:1,0
DA:74,0
DA:113,0
DA:115,0
DA:119,0
DA:122,0
DA:123,0
DA:124,0
DA:125,0
DA:126,0
DA:127,0
DA:130,0
DA:131,0
DA:133,0
DA:134,0
LF:15
LH:0
BRDA:113,0,0,0
BRDA:113,0,1,0
BRDA:113,0,2,0
BRDA:115,1,0,0
BRDA:115,1,1,0
BRDA:115,2,0,0
BRDA:115,2,1,0
BRDA:124,3,0,0
BRDA:124,3,1,0
BRDA:124,4,0,0
BRDA:124,4,1,0
BRDA:126,5,0,0
BRDA:126,5,1,0
BRDA:126,6,0,0
BRDA:126,6,1,0
BRDA:127,7,0,0
BRDA:127,7,1,0
BRDA:130,8,0,0
BRDA:130,8,1,0
BRDA:134,9,0,0
BRDA:134,9,1,0
BRF:21
BRH:0
end_of_record
